TN:
SF:middleware/auth.js
FN:5,(anonymous_0)
FN:22,(anonymous_1)
FN:45,(anonymous_2)
FN:123,(anonymous_3)
FN:124,(anonymous_4)
FN:155,(anonymous_5)
FN:156,(anonymous_6)
FN:187,(anonymous_7)
FN:230,(anonymous_8)
FN:233,(anonymous_9)
FNF:10
FNH:3
FNDA:4,(anonymous_0)
FNDA:0,(anonymous_1)
FNDA:1,(anonymous_2)
FNDA:0,(anonymous_3)
FNDA:0,(anonymous_4)
FNDA:6,(anonymous_5)
FNDA:0,(anonymous_6)
FNDA:0,(anonymous_7)
FNDA:0,(anonymous_8)
FNDA:0,(anonymous_9)
DA:1,1
DA:2,1
DA:5,1
DA:6,4
DA:23,0
DA:39,1
DA:40,1
DA:41,1
DA:42,1
DA:45,1
DA:46,1
DA:47,1
DA:49,1
DA:50,0
DA:63,1
DA:66,1
DA:77,1
DA:79,1
DA:81,0
DA:82,0
DA:94,0
DA:95,0
DA:107,0
DA:123,1
DA:124,0
DA:125,0
DA:126,0
DA:134,0
DA:135,0
DA:150,0
DA:155,1
DA:156,6
DA:157,0
DA:158,0
DA:166,0
DA:167,0
DA:182,0
DA:187,1
DA:188,0
DA:191,0
DA:201,0
DA:202,0
DA:207,0
DA:210,0
DA:211,0
DA:216,0
DA:220,0
DA:226,0
DA:230,1
DA:231,0
DA:233,0
DA:234,0
DA:235,0
DA:248,0
DA:251,0
DA:255,1
LF:56
LH:22
BRDA:49,0,0,0
BRDA:49,0,1,1
BRDA:63,1,0,1
BRDA:63,1,1,1
BRDA:68,2,0,1
BRDA:68,2,1,0
BRDA:69,3,0,1
BRDA:69,3,1,0
BRDA:81,4,0,0
BRDA:81,4,1,0
BRDA:94,5,0,0
BRDA:94,5,1,0
BRDA:125,6,0,0
BRDA:125,6,1,0
BRDA:134,7,0,0
BRDA:134,7,1,0
BRDA:157,8,0,0
BRDA:157,8,1,0
BRDA:166,9,0,0
BRDA:166,9,1,0
BRDA:192,10,0,0
BRDA:192,10,1,0
BRDA:197,11,0,0
BRDA:197,11,1,0
BRDA:201,12,0,0
BRDA:201,12,1,0
BRDA:210,13,0,0
BRDA:210,13,1,0
BRDA:210,14,0,0
BRDA:210,14,1,0
BRDA:226,15,0,0
BRDA:226,15,1,0
BRF:32
BRH:5
end_of_record
TN:
SF:routes/ai-integration.js
FN:259,(anonymous_0)
FN:305,(anonymous_1)
FN:361,(anonymous_2)
FN:433,(anonymous_3)
FN:483,(anonymous_4)
FN:531,(anonymous_5)
FN:576,(anonymous_6)
FN:629,(anonymous_7)
FN:677,(anonymous_8)
FN:734,(anonymous_9)
FN:772,(anonymous_10)
FN:789,(anonymous_11)
FN:825,generateAIResponse
FN:859,processWithEnhancedAI
FN:882,(anonymous_14)
FN:883,(anonymous_15)
FN:897,generateCodeTemplate
FN:1209,generateReactTemplate
FN:1214,generatePythonTemplate
FN:1219,generateAPITemplate
FN:1768,generateEnhancedResponse
FN:1857,generateEnhancedSuggestions
FN:1908,processVoiceInput
FN:1912,(anonymous_23)
FN:1913,(anonymous_24)
FN:1921,generateSpeechResponse
FN:1925,(anonymous_26)
FN:1926,(anonymous_27)
FN:1938,storeChatHistory
FNF:29
FNH:1
FNDA:0,(anonymous_0)
FNDA:0,(anonymous_1)
FNDA:0,(anonymous_2)
FNDA:0,(anonymous_3)
FNDA:0,(anonymous_4)
FNDA:0,(anonymous_5)
FNDA:0,(anonymous_6)
FNDA:0,(anonymous_7)
FNDA:0,(anonymous_8)
FNDA:0,(anonymous_9)
FNDA:1,(anonymous_10)
FNDA:0,(anonymous_11)
FNDA:0,generateAIResponse
FNDA:0,processWithEnhancedAI
FNDA:0,(anonymous_14)
FNDA:0,(anonymous_15)
FNDA:0,generateCodeTemplate
FNDA:0,generateReactTemplate
FNDA:0,generatePythonTemplate
FNDA:0,generateAPITemplate
FNDA:0,generateEnhancedResponse
FNDA:0,generateEnhancedSuggestions
FNDA:0,processVoiceInput
FNDA:0,(anonymous_23)
FNDA:0,(anonymous_24)
FNDA:0,generateSpeechResponse
FNDA:0,(anonymous_26)
FNDA:0,(anonymous_27)
FNDA:0,storeChatHistory
DA:1,1
DA:2,1
DA:3,1
DA:4,1
DA:8,1
DA:104,1
DA:153,1
DA:232,1
DA:259,1
DA:260,0
DA:261,0
DA:262,0
DA:265,0
DA:268,0
DA:271,0
DA:274,0
DA:277,0
DA:279,0
DA:295,0
DA:296,0
DA:305,1
DA:306,0
DA:307,0
DA:310,0
DA:311,0
DA:319,0
DA:320,0
DA:323,0
DA:326,0
DA:329,0
DA:332,0
DA:334,0
DA:351,0
DA:352,0
DA:361,1
DA:362,0
DA:363,0
DA:365,0
DA:366,0
DA:378,0
DA:381,0
DA:384,0
DA:391,0
DA:393,0
DA:418,0
DA:419,0
DA:433,1
DA:434,0
DA:435,0
DA:438,0
DA:439,0
DA:448,0
DA:461,0
DA:475,0
DA:483,1
DA:484,0
DA:485,0
DA:488,0
DA:509,0
DA:523,0
DA:531,1
DA:532,0
DA:533,0
DA:536,0
DA:554,0
DA:568,0
DA:576,1
DA:577,0
DA:578,0
DA:580,0
DA:581,0
DA:589,0
DA:607,0
DA:621,0
DA:629,1
DA:630,0
DA:631,0
DA:633,0
DA:634,0
DA:642,0
DA:655,0
DA:669,0
DA:677,1
DA:678,0
DA:679,0
DA:681,0
DA:682,0
DA:690,0
DA:711,0
DA:725,0
DA:734,1
DA:735,0
DA:736,0
DA:737,0
DA:739,0
DA:742,0
DA:745,0
DA:746,0
DA:749,0
DA:751,0
DA:762,0
DA:763,0
DA:772,1
DA:773,1
DA:774,1
DA:780,0
DA:781,0
DA:789,1
DA:790,0
DA:791,0
DA:792,0
DA:795,0
DA:796,0
DA:809,0
DA:816,0
DA:817,0
DA:826,0
DA:828,0
DA:830,0
DA:832,0
DA:834,0
DA:844,0
DA:847,0
DA:860,0
DA:861,0
DA:864,0
DA:865,0
DA:869,0
DA:870,0
DA:873,0
DA:874,0
DA:877,0
DA:878,0
DA:882,0
DA:883,0
DA:884,0
DA:885,0
DA:898,0
DA:900,0
DA:901,0
DA:1038,0
DA:1039,0
DA:1199,0
DA:1210,0
DA:1215,0
DA:1220,0
DA:1770,0
DA:1771,0
DA:1774,0
DA:1775,0
DA:1778,0
DA:1779,0
DA:1803,0
DA:1804,0
DA:1836,0
DA:1859,0
DA:1860,0
DA:1863,0
DA:1865,0
DA:1866,0
DA:1875,0
DA:1876,0
DA:1885,0
DA:1886,0
DA:1895,0
DA:1912,0
DA:1913,0
DA:1915,0
DA:1925,0
DA:1926,0
DA:1928,0
DA:1939,0
DA:1943,0
DA:1954,0
DA:1957,0
DA:1962,1
LF:176
LH:23
BRDA:268,0,0,0
BRDA:268,0,1,0
BRDA:310,1,0,0
BRDA:310,1,1,0
BRDA:310,2,0,0
BRDA:310,2,1,0
BRDA:319,3,0,0
BRDA:319,3,1,0
BRDA:320,4,0,0
BRDA:320,4,1,0
BRDA:326,5,0,0
BRDA:326,5,1,0
BRDA:365,6,0,0
BRDA:365,6,1,0
BRDA:365,7,0,0
BRDA:365,7,1,0
BRDA:381,8,0,0
BRDA:381,8,1,0
BRDA:438,9,0,0
BRDA:438,9,1,0
BRDA:438,10,0,0
BRDA:438,10,1,0
BRDA:452,11,0,0
BRDA:452,11,1,0
BRDA:453,12,0,0
BRDA:453,12,1,0
BRDA:490,13,0,0
BRDA:490,13,1,0
BRDA:538,14,0,0
BRDA:538,14,1,0
BRDA:539,15,0,0
BRDA:539,15,1,0
BRDA:540,16,0,0
BRDA:540,16,1,0
BRDA:580,17,0,0
BRDA:580,17,1,0
BRDA:592,18,0,0
BRDA:592,18,1,0
BRDA:593,19,0,0
BRDA:593,19,1,0
BRDA:633,20,0,0
BRDA:633,20,1,0
BRDA:633,21,0,0
BRDA:633,21,1,0
BRDA:646,22,0,0
BRDA:646,22,1,0
BRDA:681,23,0,0
BRDA:681,23,1,0
BRDA:681,24,0,0
BRDA:681,24,1,0
BRDA:694,25,0,0
BRDA:694,25,1,0
BRDA:745,26,0,0
BRDA:745,26,1,0
BRDA:777,27,0,1
BRDA:777,27,1,1
BRDA:795,28,0,0
BRDA:795,28,1,0
BRDA:795,29,0,0
BRDA:795,29,1,0
BRDA:836,30,0,0
BRDA:836,30,1,0
BRDA:837,31,0,0
BRDA:837,31,1,0
BRDA:839,32,0,0
BRDA:839,32,1,0
BRDA:840,33,0,0
BRDA:840,33,1,0
BRDA:861,34,0,0
BRDA:861,34,1,0
BRDA:864,35,0,0
BRDA:864,35,1,0
BRDA:864,36,0,0
BRDA:864,36,1,0
BRDA:864,36,2,0
BRDA:869,37,0,0
BRDA:869,37,1,0
BRDA:869,38,0,0
BRDA:869,38,1,0
BRDA:873,39,0,0
BRDA:873,39,1,0
BRDA:873,40,0,0
BRDA:873,40,1,0
BRDA:877,41,0,0
BRDA:877,41,1,0
BRDA:877,42,0,0
BRDA:877,42,1,0
BRDA:900,43,0,0
BRDA:900,43,1,0
BRDA:900,44,0,0
BRDA:900,44,1,0
BRDA:1038,45,0,0
BRDA:1038,45,1,0
BRDA:1038,46,0,0
BRDA:1038,46,1,0
BRDA:1770,47,0,0
BRDA:1770,47,1,0
BRDA:1770,48,0,0
BRDA:1770,48,1,0
BRDA:1775,49,0,0
BRDA:1775,49,1,0
BRDA:1778,50,0,0
BRDA:1778,50,1,0
BRDA:1778,51,0,0
BRDA:1778,51,1,0
BRDA:1778,51,2,0
BRDA:1803,52,0,0
BRDA:1803,52,1,0
BRDA:1803,53,0,0
BRDA:1803,53,1,0
BRDA:1803,53,2,0
BRDA:1859,54,0,0
BRDA:1859,54,1,0
BRDA:1859,55,0,0
BRDA:1859,55,1,0
BRDA:1865,56,0,0
BRDA:1865,56,1,0
BRDA:1865,57,0,0
BRDA:1865,57,1,0
BRDA:1865,57,2,0
BRDA:1875,58,0,0
BRDA:1875,58,1,0
BRDA:1875,59,0,0
BRDA:1875,59,1,0
BRDA:1885,60,0,0
BRDA:1885,60,1,0
BRDA:1885,61,0,0
BRDA:1885,61,1,0
BRF:128
BRH:2
end_of_record
